<?xml version="1.0" encoding="UTF-8"?>
<!-- Generated by org.testng.reporters.JUnitReportReporter -->
<testsuite hostname="DESKTOP-H8GTL7Q" failures="0" tests="1" name="tests.RegisterTest" time="6.954" errors="0" timestamp="2022-01-04T12:52:38 IST" skipped="0">
  <testcase classname="tests.RegisterTest" name="RegisterWithValidDetails" time="6.954"/>
  <system-out/>
</testsuite> <!-- tests.RegisterTest -->
