<?xml version="1.0" encoding="UTF-8"?>
<!-- Generated by org.testng.reporters.JUnitReportReporter -->
<testsuite hostname="DESKTOP-H8GTL7Q" failures="0" tests="2" name="tests.SearchTest" time="10.864" errors="0" timestamp="2022-01-04T12:52:38 IST" skipped="0">
  <testcase classname="tests.SearchTest" name="searchForANonExistingProduct" time="5.419"/>
  <system-out/>
  <testcase classname="tests.SearchTest" name="searchForAnExistingProduct" time="5.445"/>
  <system-out/>
</testsuite> <!-- tests.SearchTest -->
