<?xml version="1.0" encoding="UTF-8"?>
<!-- Generated by org.testng.reporters.JUnitReportReporter -->
<testsuite hostname="DESKTOP-H8GTL7Q" failures="0" tests="4" name="tests.LoginTest" time="26.332" errors="0" timestamp="2022-01-04T12:52:38 IST" skipped="0">
  <testcase classname="tests.LoginTest" name="loginWithValidCredentials" time="8.351"/>
  <system-out/>
  <testcase classname="tests.LoginTest" name="loginWithInvalidUsernameAndInvalidPassword" time="5.884"/>
  <system-out/>
  <testcase classname="tests.LoginTest" name="loginWithInvalidUsernameAndValidPassword" time="6.088"/>
  <system-out/>
  <testcase classname="tests.LoginTest" name="loginWithValidUsernameAndInvalidPassword" time="6.009"/>
  <system-out/>
</testsuite> <!-- tests.LoginTest -->
